Directory "build/jt-work-singletest" not found: creating
--------------------------------------------------
TEST: test/testsuite/ouroboros/memory_management/DTS/RC0408-rc-DTS-OOMtest/OOMtest.java
  build: 0.503 seconds
  compile: 0.485 seconds
  main: 0.262 seconds
TEST RESULT: Passed. Execution successful
--------------------------------------------------
TEST: test/testsuite/ouroboros/rc_test/common_test/RC0434-rc-SoftRef-SoftRefTest04/SoftRefTest04.java
TEST JDK: /home/yansendao/JDK/binary/openjdk/jdk25u

ACTION: build -- Passed. Build successful
REASON: Named class compiled on demand
TIME:   0.503 seconds
messages:
command: build SoftRefTest04
reason: Named class compiled on demand
started: Mon Oct 27 14:35:02.048 UTC 2025
Test directory:
  compile: SoftRefTest04
finished: Mon Oct 27 14:35:02.551 UTC 2025
elapsed time (seconds): 0.503

ACTION: compile -- Passed. Compilation successful
REASON: .class file out of date or does not exist
TIME:   0.503 seconds
messages:
command: compile /home/yansendao/git/ArkTests/test/testsuite/ouroboros/rc_test/common_test/RC0434-rc-SoftRef-SoftRefTest04/SoftRefTest04.java
reason: .class file out of date or does not exist
started: Mon Oct 27 14:35:02.048 UTC 2025
Mode: othervm
Process id: 3062093
finished: Mon Oct 27 14:35:02.551 UTC 2025
elapsed time (seconds): 0.503
configuration:
javac compilation environment
  source path: /home/yansendao/git/ArkTests/test/testsuite/ouroboros/rc_test/common_test/RC0434-rc-SoftRef-SoftRefTest04
  class path:  /home/yansendao/git/ArkTests/test/testsuite/ouroboros/rc_test/common_test/RC0434-rc-SoftRef-SoftRefTest04
               /home/yansendao/git/ArkTests/build/jt-work-singletest/classes/test/testsuite/ouroboros/rc_test/common_test/RC0434-rc-SoftRef-SoftRefTest04

rerun:
cd /home/yansendao/git/ArkTests/build/jt-work-singletest/scratch && \
DBUS_SESSION_BUS_ADDRESS=unix:path=/run/user/998/bus \
DISPLAY=localhost:10.0 \
HOME=/home/yansendao \
JTREG_HOME=/home/yansendao/JDK/tools/jtreg/jtreg-8.1 \
LANG=en_US.UTF-8 \
PATH=/bin:/usr/bin:/usr/sbin \
XDG_DATA_DIRS=/usr/local/share:/usr/share:/var/lib/snapd/desktop \
XDG_RUNTIME_DIR=/run/user/998 \
XDG_SESSION_CLASS=user \
XDG_SESSION_ID=3019 \
XDG_SESSION_TYPE=tty \
    /home/yansendao/JDK/binary/openjdk/jdk25u/bin/javac \
        -J-Dtest.vm.opts= \
        -J-Dtest.tool.vm.opts= \
        -J-Dtest.compiler.opts= \
        -J-Dtest.java.opts= \
        -J-Dtest.jdk=/home/yansendao/JDK/binary/openjdk/jdk25u \
        -J-Dcompile.jdk=/home/yansendao/JDK/binary/openjdk/jdk25u \
        -J-Dtest.timeout.factor=1.0 \
        -J-Dtest.root=/home/yansendao/git/ArkTests \
        -J-Dtest.name=test/testsuite/ouroboros/rc_test/common_test/RC0434-rc-SoftRef-SoftRefTest04/SoftRefTest04.java \
        -J-Dtest.verbose=Verbose[p=BRIEF,f=FULL,e=FULL,t=true,m=false] \
        -J-Dtest.file=/home/yansendao/git/ArkTests/test/testsuite/ouroboros/rc_test/common_test/RC0434-rc-SoftRef-SoftRefTest04/SoftRefTest04.java \
        -J-Dtest.main.class=SoftRefTest04 \
        -J-Dtest.src=/home/yansendao/git/ArkTests/test/testsuite/ouroboros/rc_test/common_test/RC0434-rc-SoftRef-SoftRefTest04 \
        -J-Dtest.src.path=/home/yansendao/git/ArkTests/test/testsuite/ouroboros/rc_test/common_test/RC0434-rc-SoftRef-SoftRefTest04 \
        -J-Dtest.classes=/home/yansendao/git/ArkTests/build/jt-work-singletest/classes/test/testsuite/ouroboros/rc_test/common_test/RC0434-rc-SoftRef-SoftRefTest04 \
        -J-Dtest.class.path=/home/yansendao/git/ArkTests/build/jt-work-singletest/classes/test/testsuite/ouroboros/rc_test/common_test/RC0434-rc-SoftRef-SoftRefTest04 \
        -d /home/yansendao/git/ArkTests/build/jt-work-singletest/classes/test/testsuite/ouroboros/rc_test/common_test/RC0434-rc-SoftRef-SoftRefTest04 \
        -sourcepath /home/yansendao/git/ArkTests/test/testsuite/ouroboros/rc_test/common_test/RC0434-rc-SoftRef-SoftRefTest04 \
        -classpath /home/yansendao/git/ArkTests/test/testsuite/ouroboros/rc_test/common_test/RC0434-rc-SoftRef-SoftRefTest04:/home/yansendao/git/ArkTests/build/jt-work-singletest/classes/test/testsuite/ouroboros/rc_test/common_test/RC0434-rc-SoftRef-SoftRefTest04 /home/yansendao/git/ArkTests/test/testsuite/ouroboros/rc_test/common_test/RC0434-rc-SoftRef-SoftRefTest04/SoftRefTest04.java
STDOUT:
STDERR:
Note: /home/yansendao/git/ArkTests/test/testsuite/ouroboros/rc_test/common_test/RC0434-rc-SoftRef-SoftRefTest04/SoftRefTest04.java uses unchecked or unsafe operations.
Note: Recompile with -Xlint:unchecked for details.

ACTION: main -- Failed. Unexpected exit from test [exit code: 1]
REASON: User specified action: run main/othervm -Xmx500M SoftRefTest04 
TIME:   0.752 seconds
messages:
command: main -Xmx500M SoftRefTest04
reason: User specified action: run main/othervm -Xmx500M SoftRefTest04 
started: Mon Oct 27 14:35:02.552 UTC 2025
Mode: othervm [/othervm specified]
Process id: 3062132
finished: Mon Oct 27 14:35:03.304 UTC 2025
elapsed time (seconds): 0.752
configuration:
STDOUT:
STDERR:

Exception: java.lang.OutOfMemoryError thrown from the UncaughtExceptionHandler in thread "MainThread"

Exception: java.lang.OutOfMemoryError thrown from the UncaughtExceptionHandler in thread "main"
rerun:
cd /home/yansendao/git/ArkTests/build/jt-work-singletest/scratch && \
DBUS_SESSION_BUS_ADDRESS=unix:path=/run/user/998/bus \
DISPLAY=localhost:10.0 \
HOME=/home/yansendao \
JTREG_HOME=/home/yansendao/JDK/tools/jtreg/jtreg-8.1 \
LANG=en_US.UTF-8 \
PATH=/bin:/usr/bin:/usr/sbin \
XDG_DATA_DIRS=/usr/local/share:/usr/share:/var/lib/snapd/desktop \
XDG_RUNTIME_DIR=/run/user/998 \
XDG_SESSION_CLASS=user \
XDG_SESSION_ID=3019 \
XDG_SESSION_TYPE=tty \
CLASSPATH=/home/yansendao/git/ArkTests/build/jt-work-singletest/classes/test/testsuite/ouroboros/rc_test/common_test/RC0434-rc-SoftRef-SoftRefTest04:/home/yansendao/git/ArkTests/test/testsuite/ouroboros/rc_test/common_test/RC0434-rc-SoftRef-SoftRefTest04:/home/yansendao/JDK/tools/jtreg/jtreg-8.1/lib/javatest.jar:/home/yansendao/JDK/tools/jtreg/jtreg-8.1/lib/jtreg.jar \
    /home/yansendao/JDK/binary/openjdk/jdk25u/bin/java \
        -Dtest.vm.opts= \
        -Dtest.tool.vm.opts= \
        -Dtest.compiler.opts= \
        -Dtest.java.opts= \
        -Dtest.jdk=/home/yansendao/JDK/binary/openjdk/jdk25u \
        -Dcompile.jdk=/home/yansendao/JDK/binary/openjdk/jdk25u \
        -Dtest.timeout.factor=1.0 \
        -Dtest.root=/home/yansendao/git/ArkTests \
        -Dtest.name=test/testsuite/ouroboros/rc_test/common_test/RC0434-rc-SoftRef-SoftRefTest04/SoftRefTest04.java \
        -Dtest.verbose=Verbose[p=BRIEF,f=FULL,e=FULL,t=true,m=false] \
        -Dtest.file=/home/yansendao/git/ArkTests/test/testsuite/ouroboros/rc_test/common_test/RC0434-rc-SoftRef-SoftRefTest04/SoftRefTest04.java \
        -Dtest.main.class=SoftRefTest04 \
        -Dtest.src=/home/yansendao/git/ArkTests/test/testsuite/ouroboros/rc_test/common_test/RC0434-rc-SoftRef-SoftRefTest04 \
        -Dtest.src.path=/home/yansendao/git/ArkTests/test/testsuite/ouroboros/rc_test/common_test/RC0434-rc-SoftRef-SoftRefTest04 \
        -Dtest.classes=/home/yansendao/git/ArkTests/build/jt-work-singletest/classes/test/testsuite/ouroboros/rc_test/common_test/RC0434-rc-SoftRef-SoftRefTest04 \
        -Dtest.class.path=/home/yansendao/git/ArkTests/build/jt-work-singletest/classes/test/testsuite/ouroboros/rc_test/common_test/RC0434-rc-SoftRef-SoftRefTest04 \
        -Xmx500M \
        com.sun.javatest.regtest.agent.MainWrapper /home/yansendao/git/ArkTests/build/jt-work-singletest/test/testsuite/ouroboros/rc_test/common_test/RC0434-rc-SoftRef-SoftRefTest04/SoftRefTest04.d/main.0.jta

TEST RESULT: Failed. Unexpected exit from test [exit code: 1]
--------------------------------------------------
TEST: test/testsuite/ouroboros/rc_test/common_test/RC0436-rc-SoftRef-SoftRefTest06/SoftRefTest06.java
TEST JDK: /home/yansendao/JDK/binary/openjdk/jdk25u

ACTION: build -- Passed. Build successful
REASON: Named class compiled on demand
TIME:   0.518 seconds
messages:
command: build SoftRefTest06
reason: Named class compiled on demand
started: Mon Oct 27 14:35:03.312 UTC 2025
Test directory:
  compile: SoftRefTest06
finished: Mon Oct 27 14:35:03.830 UTC 2025
elapsed time (seconds): 0.518

ACTION: compile -- Passed. Compilation successful
REASON: .class file out of date or does not exist
TIME:   0.517 seconds
messages:
command: compile /home/yansendao/git/ArkTests/test/testsuite/ouroboros/rc_test/common_test/RC0436-rc-SoftRef-SoftRefTest06/SoftRefTest06.java
reason: .class file out of date or does not exist
started: Mon Oct 27 14:35:03.313 UTC 2025
Mode: othervm
Process id: 3062211
finished: Mon Oct 27 14:35:03.830 UTC 2025
elapsed time (seconds): 0.517
configuration:
javac compilation environment
  source path: /home/yansendao/git/ArkTests/test/testsuite/ouroboros/rc_test/common_test/RC0436-rc-SoftRef-SoftRefTest06
  class path:  /home/yansendao/git/ArkTests/test/testsuite/ouroboros/rc_test/common_test/RC0436-rc-SoftRef-SoftRefTest06
               /home/yansendao/git/ArkTests/build/jt-work-singletest/classes/test/testsuite/ouroboros/rc_test/common_test/RC0436-rc-SoftRef-SoftRefTest06

rerun:
cd /home/yansendao/git/ArkTests/build/jt-work-singletest/scratch && \
DBUS_SESSION_BUS_ADDRESS=unix:path=/run/user/998/bus \
DISPLAY=localhost:10.0 \
HOME=/home/yansendao \
JTREG_HOME=/home/yansendao/JDK/tools/jtreg/jtreg-8.1 \
LANG=en_US.UTF-8 \
PATH=/bin:/usr/bin:/usr/sbin \
XDG_DATA_DIRS=/usr/local/share:/usr/share:/var/lib/snapd/desktop \
XDG_RUNTIME_DIR=/run/user/998 \
XDG_SESSION_CLASS=user \
XDG_SESSION_ID=3019 \
XDG_SESSION_TYPE=tty \
    /home/yansendao/JDK/binary/openjdk/jdk25u/bin/javac \
        -J-Dtest.vm.opts= \
        -J-Dtest.tool.vm.opts= \
        -J-Dtest.compiler.opts= \
        -J-Dtest.java.opts= \
        -J-Dtest.jdk=/home/yansendao/JDK/binary/openjdk/jdk25u \
        -J-Dcompile.jdk=/home/yansendao/JDK/binary/openjdk/jdk25u \
        -J-Dtest.timeout.factor=1.0 \
        -J-Dtest.root=/home/yansendao/git/ArkTests \
        -J-Dtest.name=test/testsuite/ouroboros/rc_test/common_test/RC0436-rc-SoftRef-SoftRefTest06/SoftRefTest06.java \
        -J-Dtest.verbose=Verbose[p=BRIEF,f=FULL,e=FULL,t=true,m=false] \
        -J-Dtest.file=/home/yansendao/git/ArkTests/test/testsuite/ouroboros/rc_test/common_test/RC0436-rc-SoftRef-SoftRefTest06/SoftRefTest06.java \
        -J-Dtest.main.class=SoftRefTest06 \
        -J-Dtest.src=/home/yansendao/git/ArkTests/test/testsuite/ouroboros/rc_test/common_test/RC0436-rc-SoftRef-SoftRefTest06 \
        -J-Dtest.src.path=/home/yansendao/git/ArkTests/test/testsuite/ouroboros/rc_test/common_test/RC0436-rc-SoftRef-SoftRefTest06 \
        -J-Dtest.classes=/home/yansendao/git/ArkTests/build/jt-work-singletest/classes/test/testsuite/ouroboros/rc_test/common_test/RC0436-rc-SoftRef-SoftRefTest06 \
        -J-Dtest.class.path=/home/yansendao/git/ArkTests/build/jt-work-singletest/classes/test/testsuite/ouroboros/rc_test/common_test/RC0436-rc-SoftRef-SoftRefTest06 \
        -d /home/yansendao/git/ArkTests/build/jt-work-singletest/classes/test/testsuite/ouroboros/rc_test/common_test/RC0436-rc-SoftRef-SoftRefTest06 \
        -sourcepath /home/yansendao/git/ArkTests/test/testsuite/ouroboros/rc_test/common_test/RC0436-rc-SoftRef-SoftRefTest06 \
        -classpath /home/yansendao/git/ArkTests/test/testsuite/ouroboros/rc_test/common_test/RC0436-rc-SoftRef-SoftRefTest06:/home/yansendao/git/ArkTests/build/jt-work-singletest/classes/test/testsuite/ouroboros/rc_test/common_test/RC0436-rc-SoftRef-SoftRefTest06 /home/yansendao/git/ArkTests/test/testsuite/ouroboros/rc_test/common_test/RC0436-rc-SoftRef-SoftRefTest06/SoftRefTest06.java
STDOUT:
STDERR:
/home/yansendao/git/ArkTests/test/testsuite/ouroboros/rc_test/common_test/RC0436-rc-SoftRef-SoftRefTest06/SoftRefTest06.java:64: warning: [removal] runFinalization() in Runtime has been deprecated and marked for removal
        Runtime.getRuntime().runFinalization();
                            ^
/home/yansendao/git/ArkTests/test/testsuite/ouroboros/rc_test/common_test/RC0436-rc-SoftRef-SoftRefTest06/SoftRefTest06.java:74: warning: [removal] runFinalization() in Runtime has been deprecated and marked for removal
        Runtime.getRuntime().runFinalization();
                            ^
/home/yansendao/git/ArkTests/test/testsuite/ouroboros/rc_test/common_test/RC0436-rc-SoftRef-SoftRefTest06/SoftRefTest06.java:78: warning: [removal] finalize() in Object has been deprecated and marked for removal
    public void finalize() {
                ^
Note: /home/yansendao/git/ArkTests/test/testsuite/ouroboros/rc_test/common_test/RC0436-rc-SoftRef-SoftRefTest06/SoftRefTest06.java uses unchecked or unsafe operations.
Note: Recompile with -Xlint:unchecked for details.
3 warnings

ACTION: main -- Failed. Unexpected exit from test [exit code: 1]
REASON: User specified action: run main/othervm -Xmx500M SoftRefTest06 
TIME:   0.25 seconds
messages:
command: main -Xmx500M SoftRefTest06
reason: User specified action: run main/othervm -Xmx500M SoftRefTest06 
started: Mon Oct 27 14:35:03.830 UTC 2025
Mode: othervm [/othervm specified]
Process id: 3062301
finished: Mon Oct 27 14:35:04.080 UTC 2025
elapsed time (seconds): 0.25
configuration:
STDOUT:
ExpectResult1
STDERR:

Exception: java.lang.OutOfMemoryError thrown from the UncaughtExceptionHandler in thread "MainThread"

Exception: java.lang.OutOfMemoryError thrown from the UncaughtExceptionHandler in thread "main"
rerun:
cd /home/yansendao/git/ArkTests/build/jt-work-singletest/scratch && \
DBUS_SESSION_BUS_ADDRESS=unix:path=/run/user/998/bus \
DISPLAY=localhost:10.0 \
HOME=/home/yansendao \
JTREG_HOME=/home/yansendao/JDK/tools/jtreg/jtreg-8.1 \
LANG=en_US.UTF-8 \
PATH=/bin:/usr/bin:/usr/sbin \
XDG_DATA_DIRS=/usr/local/share:/usr/share:/var/lib/snapd/desktop \
XDG_RUNTIME_DIR=/run/user/998 \
XDG_SESSION_CLASS=user \
XDG_SESSION_ID=3019 \
XDG_SESSION_TYPE=tty \
CLASSPATH=/home/yansendao/git/ArkTests/build/jt-work-singletest/classes/test/testsuite/ouroboros/rc_test/common_test/RC0436-rc-SoftRef-SoftRefTest06:/home/yansendao/git/ArkTests/test/testsuite/ouroboros/rc_test/common_test/RC0436-rc-SoftRef-SoftRefTest06:/home/yansendao/JDK/tools/jtreg/jtreg-8.1/lib/javatest.jar:/home/yansendao/JDK/tools/jtreg/jtreg-8.1/lib/jtreg.jar \
    /home/yansendao/JDK/binary/openjdk/jdk25u/bin/java \
        -Dtest.vm.opts= \
        -Dtest.tool.vm.opts= \
        -Dtest.compiler.opts= \
        -Dtest.java.opts= \
        -Dtest.jdk=/home/yansendao/JDK/binary/openjdk/jdk25u \
        -Dcompile.jdk=/home/yansendao/JDK/binary/openjdk/jdk25u \
        -Dtest.timeout.factor=1.0 \
        -Dtest.root=/home/yansendao/git/ArkTests \
        -Dtest.name=test/testsuite/ouroboros/rc_test/common_test/RC0436-rc-SoftRef-SoftRefTest06/SoftRefTest06.java \
        -Dtest.verbose=Verbose[p=BRIEF,f=FULL,e=FULL,t=true,m=false] \
        -Dtest.file=/home/yansendao/git/ArkTests/test/testsuite/ouroboros/rc_test/common_test/RC0436-rc-SoftRef-SoftRefTest06/SoftRefTest06.java \
        -Dtest.main.class=SoftRefTest06 \
        -Dtest.src=/home/yansendao/git/ArkTests/test/testsuite/ouroboros/rc_test/common_test/RC0436-rc-SoftRef-SoftRefTest06 \
        -Dtest.src.path=/home/yansendao/git/ArkTests/test/testsuite/ouroboros/rc_test/common_test/RC0436-rc-SoftRef-SoftRefTest06 \
        -Dtest.classes=/home/yansendao/git/ArkTests/build/jt-work-singletest/classes/test/testsuite/ouroboros/rc_test/common_test/RC0436-rc-SoftRef-SoftRefTest06 \
        -Dtest.class.path=/home/yansendao/git/ArkTests/build/jt-work-singletest/classes/test/testsuite/ouroboros/rc_test/common_test/RC0436-rc-SoftRef-SoftRefTest06 \
        -Xmx500M \
        com.sun.javatest.regtest.agent.MainWrapper /home/yansendao/git/ArkTests/build/jt-work-singletest/test/testsuite/ouroboros/rc_test/common_test/RC0436-rc-SoftRef-SoftRefTest06/SoftRefTest06.d/main.0.jta

TEST RESULT: Failed. Unexpected exit from test [exit code: 1]
--------------------------------------------------
TEST: test/testsuite/ouroboros/rc_test/RC0408-rc-DTS-OOMtest/OOMtest.java
  build: 0.455 seconds
  compile: 0.453 seconds
  main: 0.267 seconds
TEST RESULT: Passed. Execution successful
--------------------------------------------------
TEST: testsuite/java_test/rc_test/common_test/RC0434-rc-SoftRef-SoftRefTest04/SoftRefTest04.java
TEST JDK: /home/yansendao/JDK/binary/openjdk/jdk25u

ACTION: build -- Passed. Build successful
REASON: Named class compiled on demand
TIME:   0.521 seconds
messages:
command: build SoftRefTest04
reason: Named class compiled on demand
started: Mon Oct 27 14:35:04.817 UTC 2025
Test directory:
  compile: SoftRefTest04
finished: Mon Oct 27 14:35:05.338 UTC 2025
elapsed time (seconds): 0.521

ACTION: compile -- Passed. Compilation successful
REASON: .class file out of date or does not exist
TIME:   0.52 seconds
messages:
command: compile /home/yansendao/git/ArkTests/testsuite/java_test/rc_test/common_test/RC0434-rc-SoftRef-SoftRefTest04/SoftRefTest04.java
reason: .class file out of date or does not exist
started: Mon Oct 27 14:35:04.818 UTC 2025
Mode: othervm
Process id: 3062498
finished: Mon Oct 27 14:35:05.338 UTC 2025
elapsed time (seconds): 0.52
configuration:
javac compilation environment
  source path: /home/yansendao/git/ArkTests/testsuite/java_test/rc_test/common_test/RC0434-rc-SoftRef-SoftRefTest04
  class path:  /home/yansendao/git/ArkTests/testsuite/java_test/rc_test/common_test/RC0434-rc-SoftRef-SoftRefTest04
               /home/yansendao/git/ArkTests/build/jt-work-singletest/classes/testsuite/java_test/rc_test/common_test/RC0434-rc-SoftRef-SoftRefTest04

rerun:
cd /home/yansendao/git/ArkTests/build/jt-work-singletest/scratch && \
DBUS_SESSION_BUS_ADDRESS=unix:path=/run/user/998/bus \
DISPLAY=localhost:10.0 \
HOME=/home/yansendao \
JTREG_HOME=/home/yansendao/JDK/tools/jtreg/jtreg-8.1 \
LANG=en_US.UTF-8 \
PATH=/bin:/usr/bin:/usr/sbin \
XDG_DATA_DIRS=/usr/local/share:/usr/share:/var/lib/snapd/desktop \
XDG_RUNTIME_DIR=/run/user/998 \
XDG_SESSION_CLASS=user \
XDG_SESSION_ID=3019 \
XDG_SESSION_TYPE=tty \
    /home/yansendao/JDK/binary/openjdk/jdk25u/bin/javac \
        -J-Dtest.vm.opts= \
        -J-Dtest.tool.vm.opts= \
        -J-Dtest.compiler.opts= \
        -J-Dtest.java.opts= \
        -J-Dtest.jdk=/home/yansendao/JDK/binary/openjdk/jdk25u \
        -J-Dcompile.jdk=/home/yansendao/JDK/binary/openjdk/jdk25u \
        -J-Dtest.timeout.factor=1.0 \
        -J-Dtest.root=/home/yansendao/git/ArkTests \
        -J-Dtest.name=testsuite/java_test/rc_test/common_test/RC0434-rc-SoftRef-SoftRefTest04/SoftRefTest04.java \
        -J-Dtest.verbose=Verbose[p=BRIEF,f=FULL,e=FULL,t=true,m=false] \
        -J-Dtest.file=/home/yansendao/git/ArkTests/testsuite/java_test/rc_test/common_test/RC0434-rc-SoftRef-SoftRefTest04/SoftRefTest04.java \
        -J-Dtest.main.class=SoftRefTest04 \
        -J-Dtest.src=/home/yansendao/git/ArkTests/testsuite/java_test/rc_test/common_test/RC0434-rc-SoftRef-SoftRefTest04 \
        -J-Dtest.src.path=/home/yansendao/git/ArkTests/testsuite/java_test/rc_test/common_test/RC0434-rc-SoftRef-SoftRefTest04 \
        -J-Dtest.classes=/home/yansendao/git/ArkTests/build/jt-work-singletest/classes/testsuite/java_test/rc_test/common_test/RC0434-rc-SoftRef-SoftRefTest04 \
        -J-Dtest.class.path=/home/yansendao/git/ArkTests/build/jt-work-singletest/classes/testsuite/java_test/rc_test/common_test/RC0434-rc-SoftRef-SoftRefTest04 \
        -d /home/yansendao/git/ArkTests/build/jt-work-singletest/classes/testsuite/java_test/rc_test/common_test/RC0434-rc-SoftRef-SoftRefTest04 \
        -sourcepath /home/yansendao/git/ArkTests/testsuite/java_test/rc_test/common_test/RC0434-rc-SoftRef-SoftRefTest04 \
        -classpath /home/yansendao/git/ArkTests/testsuite/java_test/rc_test/common_test/RC0434-rc-SoftRef-SoftRefTest04:/home/yansendao/git/ArkTests/build/jt-work-singletest/classes/testsuite/java_test/rc_test/common_test/RC0434-rc-SoftRef-SoftRefTest04 /home/yansendao/git/ArkTests/testsuite/java_test/rc_test/common_test/RC0434-rc-SoftRef-SoftRefTest04/SoftRefTest04.java
STDOUT:
STDERR:
Note: /home/yansendao/git/ArkTests/testsuite/java_test/rc_test/common_test/RC0434-rc-SoftRef-SoftRefTest04/SoftRefTest04.java uses unchecked or unsafe operations.
Note: Recompile with -Xlint:unchecked for details.

ACTION: main -- Failed. Unexpected exit from test [exit code: 1]
REASON: User specified action: run main/othervm -Xmx500M SoftRefTest04 
TIME:   0.766 seconds
messages:
command: main -Xmx500M SoftRefTest04
reason: User specified action: run main/othervm -Xmx500M SoftRefTest04 
started: Mon Oct 27 14:35:05.338 UTC 2025
Mode: othervm [/othervm specified]
Process id: 3062538
finished: Mon Oct 27 14:35:06.104 UTC 2025
elapsed time (seconds): 0.766
configuration:
STDOUT:
STDERR:

Exception: java.lang.OutOfMemoryError thrown from the UncaughtExceptionHandler in thread "MainThread"

Exception: java.lang.OutOfMemoryError thrown from the UncaughtExceptionHandler in thread "main"
rerun:
cd /home/yansendao/git/ArkTests/build/jt-work-singletest/scratch && \
DBUS_SESSION_BUS_ADDRESS=unix:path=/run/user/998/bus \
DISPLAY=localhost:10.0 \
HOME=/home/yansendao \
JTREG_HOME=/home/yansendao/JDK/tools/jtreg/jtreg-8.1 \
LANG=en_US.UTF-8 \
PATH=/bin:/usr/bin:/usr/sbin \
XDG_DATA_DIRS=/usr/local/share:/usr/share:/var/lib/snapd/desktop \
XDG_RUNTIME_DIR=/run/user/998 \
XDG_SESSION_CLASS=user \
XDG_SESSION_ID=3019 \
XDG_SESSION_TYPE=tty \
CLASSPATH=/home/yansendao/git/ArkTests/build/jt-work-singletest/classes/testsuite/java_test/rc_test/common_test/RC0434-rc-SoftRef-SoftRefTest04:/home/yansendao/git/ArkTests/testsuite/java_test/rc_test/common_test/RC0434-rc-SoftRef-SoftRefTest04:/home/yansendao/JDK/tools/jtreg/jtreg-8.1/lib/javatest.jar:/home/yansendao/JDK/tools/jtreg/jtreg-8.1/lib/jtreg.jar \
    /home/yansendao/JDK/binary/openjdk/jdk25u/bin/java \
        -Dtest.vm.opts= \
        -Dtest.tool.vm.opts= \
        -Dtest.compiler.opts= \
        -Dtest.java.opts= \
        -Dtest.jdk=/home/yansendao/JDK/binary/openjdk/jdk25u \
        -Dcompile.jdk=/home/yansendao/JDK/binary/openjdk/jdk25u \
        -Dtest.timeout.factor=1.0 \
        -Dtest.root=/home/yansendao/git/ArkTests \
        -Dtest.name=testsuite/java_test/rc_test/common_test/RC0434-rc-SoftRef-SoftRefTest04/SoftRefTest04.java \
        -Dtest.verbose=Verbose[p=BRIEF,f=FULL,e=FULL,t=true,m=false] \
        -Dtest.file=/home/yansendao/git/ArkTests/testsuite/java_test/rc_test/common_test/RC0434-rc-SoftRef-SoftRefTest04/SoftRefTest04.java \
        -Dtest.main.class=SoftRefTest04 \
        -Dtest.src=/home/yansendao/git/ArkTests/testsuite/java_test/rc_test/common_test/RC0434-rc-SoftRef-SoftRefTest04 \
        -Dtest.src.path=/home/yansendao/git/ArkTests/testsuite/java_test/rc_test/common_test/RC0434-rc-SoftRef-SoftRefTest04 \
        -Dtest.classes=/home/yansendao/git/ArkTests/build/jt-work-singletest/classes/testsuite/java_test/rc_test/common_test/RC0434-rc-SoftRef-SoftRefTest04 \
        -Dtest.class.path=/home/yansendao/git/ArkTests/build/jt-work-singletest/classes/testsuite/java_test/rc_test/common_test/RC0434-rc-SoftRef-SoftRefTest04 \
        -Xmx500M \
        com.sun.javatest.regtest.agent.MainWrapper /home/yansendao/git/ArkTests/build/jt-work-singletest/testsuite/java_test/rc_test/common_test/RC0434-rc-SoftRef-SoftRefTest04/SoftRefTest04.d/main.0.jta

TEST RESULT: Failed. Unexpected exit from test [exit code: 1]
--------------------------------------------------
TEST: testsuite/java_test/rc_test/common_test/RC0436-rc-SoftRef-SoftRefTest06/SoftRefTest06.java
TEST JDK: /home/yansendao/JDK/binary/openjdk/jdk25u

ACTION: build -- Passed. Build successful
REASON: Named class compiled on demand
TIME:   0.531 seconds
messages:
command: build SoftRefTest06
reason: Named class compiled on demand
started: Mon Oct 27 14:35:06.111 UTC 2025
Test directory:
  compile: SoftRefTest06
finished: Mon Oct 27 14:35:06.642 UTC 2025
elapsed time (seconds): 0.531

ACTION: compile -- Passed. Compilation successful
REASON: .class file out of date or does not exist
TIME:   0.531 seconds
messages:
command: compile /home/yansendao/git/ArkTests/testsuite/java_test/rc_test/common_test/RC0436-rc-SoftRef-SoftRefTest06/SoftRefTest06.java
reason: .class file out of date or does not exist
started: Mon Oct 27 14:35:06.111 UTC 2025
Mode: othervm
Process id: 3062645
finished: Mon Oct 27 14:35:06.642 UTC 2025
elapsed time (seconds): 0.531
configuration:
javac compilation environment
  source path: /home/yansendao/git/ArkTests/testsuite/java_test/rc_test/common_test/RC0436-rc-SoftRef-SoftRefTest06
  class path:  /home/yansendao/git/ArkTests/testsuite/java_test/rc_test/common_test/RC0436-rc-SoftRef-SoftRefTest06
               /home/yansendao/git/ArkTests/build/jt-work-singletest/classes/testsuite/java_test/rc_test/common_test/RC0436-rc-SoftRef-SoftRefTest06

rerun:
cd /home/yansendao/git/ArkTests/build/jt-work-singletest/scratch && \
DBUS_SESSION_BUS_ADDRESS=unix:path=/run/user/998/bus \
DISPLAY=localhost:10.0 \
HOME=/home/yansendao \
JTREG_HOME=/home/yansendao/JDK/tools/jtreg/jtreg-8.1 \
LANG=en_US.UTF-8 \
PATH=/bin:/usr/bin:/usr/sbin \
XDG_DATA_DIRS=/usr/local/share:/usr/share:/var/lib/snapd/desktop \
XDG_RUNTIME_DIR=/run/user/998 \
XDG_SESSION_CLASS=user \
XDG_SESSION_ID=3019 \
XDG_SESSION_TYPE=tty \
    /home/yansendao/JDK/binary/openjdk/jdk25u/bin/javac \
        -J-Dtest.vm.opts= \
        -J-Dtest.tool.vm.opts= \
        -J-Dtest.compiler.opts= \
        -J-Dtest.java.opts= \
        -J-Dtest.jdk=/home/yansendao/JDK/binary/openjdk/jdk25u \
        -J-Dcompile.jdk=/home/yansendao/JDK/binary/openjdk/jdk25u \
        -J-Dtest.timeout.factor=1.0 \
        -J-Dtest.root=/home/yansendao/git/ArkTests \
        -J-Dtest.name=testsuite/java_test/rc_test/common_test/RC0436-rc-SoftRef-SoftRefTest06/SoftRefTest06.java \
        -J-Dtest.verbose=Verbose[p=BRIEF,f=FULL,e=FULL,t=true,m=false] \
        -J-Dtest.file=/home/yansendao/git/ArkTests/testsuite/java_test/rc_test/common_test/RC0436-rc-SoftRef-SoftRefTest06/SoftRefTest06.java \
        -J-Dtest.main.class=SoftRefTest06 \
        -J-Dtest.src=/home/yansendao/git/ArkTests/testsuite/java_test/rc_test/common_test/RC0436-rc-SoftRef-SoftRefTest06 \
        -J-Dtest.src.path=/home/yansendao/git/ArkTests/testsuite/java_test/rc_test/common_test/RC0436-rc-SoftRef-SoftRefTest06 \
        -J-Dtest.classes=/home/yansendao/git/ArkTests/build/jt-work-singletest/classes/testsuite/java_test/rc_test/common_test/RC0436-rc-SoftRef-SoftRefTest06 \
        -J-Dtest.class.path=/home/yansendao/git/ArkTests/build/jt-work-singletest/classes/testsuite/java_test/rc_test/common_test/RC0436-rc-SoftRef-SoftRefTest06 \
        -d /home/yansendao/git/ArkTests/build/jt-work-singletest/classes/testsuite/java_test/rc_test/common_test/RC0436-rc-SoftRef-SoftRefTest06 \
        -sourcepath /home/yansendao/git/ArkTests/testsuite/java_test/rc_test/common_test/RC0436-rc-SoftRef-SoftRefTest06 \
        -classpath /home/yansendao/git/ArkTests/testsuite/java_test/rc_test/common_test/RC0436-rc-SoftRef-SoftRefTest06:/home/yansendao/git/ArkTests/build/jt-work-singletest/classes/testsuite/java_test/rc_test/common_test/RC0436-rc-SoftRef-SoftRefTest06 /home/yansendao/git/ArkTests/testsuite/java_test/rc_test/common_test/RC0436-rc-SoftRef-SoftRefTest06/SoftRefTest06.java
STDOUT:
STDERR:
/home/yansendao/git/ArkTests/testsuite/java_test/rc_test/common_test/RC0436-rc-SoftRef-SoftRefTest06/SoftRefTest06.java:55: warning: [removal] runFinalization() in Runtime has been deprecated and marked for removal
        Runtime.getRuntime().runFinalization();
                            ^
/home/yansendao/git/ArkTests/testsuite/java_test/rc_test/common_test/RC0436-rc-SoftRef-SoftRefTest06/SoftRefTest06.java:65: warning: [removal] runFinalization() in Runtime has been deprecated and marked for removal
        Runtime.getRuntime().runFinalization();
                            ^
/home/yansendao/git/ArkTests/testsuite/java_test/rc_test/common_test/RC0436-rc-SoftRef-SoftRefTest06/SoftRefTest06.java:68: warning: [removal] finalize() in Object has been deprecated and marked for removal
    public void finalize() {
                ^
Note: /home/yansendao/git/ArkTests/testsuite/java_test/rc_test/common_test/RC0436-rc-SoftRef-SoftRefTest06/SoftRefTest06.java uses unchecked or unsafe operations.
Note: Recompile with -Xlint:unchecked for details.
3 warnings

ACTION: main -- Failed. Unexpected exit from test [exit code: 1]
REASON: User specified action: run main/othervm -Xmx500M SoftRefTest06 
TIME:   0.306 seconds
messages:
command: main -Xmx500M SoftRefTest06
reason: User specified action: run main/othervm -Xmx500M SoftRefTest06 
started: Mon Oct 27 14:35:06.643 UTC 2025
Mode: othervm [/othervm specified]
Process id: 3062684
finished: Mon Oct 27 14:35:06.949 UTC 2025
elapsed time (seconds): 0.306
configuration:
STDOUT:
ExpectResult1
STDERR:

Exception: java.lang.OutOfMemoryError thrown from the UncaughtExceptionHandler in thread "MainThread"

Exception: java.lang.OutOfMemoryError thrown from the UncaughtExceptionHandler in thread "main"
rerun:
cd /home/yansendao/git/ArkTests/build/jt-work-singletest/scratch && \
DBUS_SESSION_BUS_ADDRESS=unix:path=/run/user/998/bus \
DISPLAY=localhost:10.0 \
HOME=/home/yansendao \
JTREG_HOME=/home/yansendao/JDK/tools/jtreg/jtreg-8.1 \
LANG=en_US.UTF-8 \
PATH=/bin:/usr/bin:/usr/sbin \
XDG_DATA_DIRS=/usr/local/share:/usr/share:/var/lib/snapd/desktop \
XDG_RUNTIME_DIR=/run/user/998 \
XDG_SESSION_CLASS=user \
XDG_SESSION_ID=3019 \
XDG_SESSION_TYPE=tty \
CLASSPATH=/home/yansendao/git/ArkTests/build/jt-work-singletest/classes/testsuite/java_test/rc_test/common_test/RC0436-rc-SoftRef-SoftRefTest06:/home/yansendao/git/ArkTests/testsuite/java_test/rc_test/common_test/RC0436-rc-SoftRef-SoftRefTest06:/home/yansendao/JDK/tools/jtreg/jtreg-8.1/lib/javatest.jar:/home/yansendao/JDK/tools/jtreg/jtreg-8.1/lib/jtreg.jar \
    /home/yansendao/JDK/binary/openjdk/jdk25u/bin/java \
        -Dtest.vm.opts= \
        -Dtest.tool.vm.opts= \
        -Dtest.compiler.opts= \
        -Dtest.java.opts= \
        -Dtest.jdk=/home/yansendao/JDK/binary/openjdk/jdk25u \
        -Dcompile.jdk=/home/yansendao/JDK/binary/openjdk/jdk25u \
        -Dtest.timeout.factor=1.0 \
        -Dtest.root=/home/yansendao/git/ArkTests \
        -Dtest.name=testsuite/java_test/rc_test/common_test/RC0436-rc-SoftRef-SoftRefTest06/SoftRefTest06.java \
        -Dtest.verbose=Verbose[p=BRIEF,f=FULL,e=FULL,t=true,m=false] \
        -Dtest.file=/home/yansendao/git/ArkTests/testsuite/java_test/rc_test/common_test/RC0436-rc-SoftRef-SoftRefTest06/SoftRefTest06.java \
        -Dtest.main.class=SoftRefTest06 \
        -Dtest.src=/home/yansendao/git/ArkTests/testsuite/java_test/rc_test/common_test/RC0436-rc-SoftRef-SoftRefTest06 \
        -Dtest.src.path=/home/yansendao/git/ArkTests/testsuite/java_test/rc_test/common_test/RC0436-rc-SoftRef-SoftRefTest06 \
        -Dtest.classes=/home/yansendao/git/ArkTests/build/jt-work-singletest/classes/testsuite/java_test/rc_test/common_test/RC0436-rc-SoftRef-SoftRefTest06 \
        -Dtest.class.path=/home/yansendao/git/ArkTests/build/jt-work-singletest/classes/testsuite/java_test/rc_test/common_test/RC0436-rc-SoftRef-SoftRefTest06 \
        -Xmx500M \
        com.sun.javatest.regtest.agent.MainWrapper /home/yansendao/git/ArkTests/build/jt-work-singletest/testsuite/java_test/rc_test/common_test/RC0436-rc-SoftRef-SoftRefTest06/SoftRefTest06.d/main.0.jta

TEST RESULT: Failed. Unexpected exit from test [exit code: 1]
--------------------------------------------------
TEST: testsuite/java_test/rc_test/RC0408-rc-DTS-OOMtest/OOMtest.java
  build: 0.455 seconds
  compile: 0.454 seconds
  main: 0.261 seconds
TEST RESULT: Passed. Execution successful
--------------------------------------------------
Test results: passed: 3; failed: 4
Results written to /home/yansendao/git/ArkTests/build/jt-work-singletest
Error: Some tests failed or other problems occurred.

real	0m7.661s
user	0m12.980s
sys	0m2.757s
